<?xml version="1.0" encoding="UTF-8"?>
<!-- Generated by org.testng.reporters.JUnitReportReporter -->
<testsuite hostname="DESKTOP-QDC0IPC" failures="0" tests="1" name="org.example.tests.LoginTest" time="15.717" errors="0" timestamp="2023-11-24T17:47:00 BDT" skipped="0">
  <testcase classname="org.example.tests.LoginTest" name="loginTest" time="15.717"/>
</testsuite> <!-- org.example.tests.LoginTest -->
